<?xml version="1.0" encoding="UTF-8"?>
<!-- Generated by org.testng.reporters.JUnitXMLReporter -->
<testsuite ignored="2" hostname="DESKTOP-A59L0MA" failures="1" tests="1" name="Test" time="0.072" errors="0" timestamp="2024-12-09T16:29:38 IST">
  <testcase classname="testCases.TC_AccountRegistrationTest" name="verifyAccountRegistration" time="0.009">
    <failure type="java.lang.NullPointerException" message="Cannot invoke &amp;quot;org.apache.logging.log4j.Logger.info(String)&amp;quot; because &amp;quot;this.logger&amp;quot; is null">
      <![CDATA[java.lang.NullPointerException: Cannot invoke "org.apache.logging.log4j.Logger.info(String)" because "this.logger" is null
at testCases.TC_AccountRegistrationTest.verifyAccountRegistration(TC_AccountRegistrationTest.java:13)
at java.base/java.util.ArrayList.forEach(ArrayList.java:1511)
... Removed 27 stack frames]]>
    </failure>
  </testcase> <!-- verifyAccountRegistration -->
  <testcase classname="testCases.TC_AccountLoginTest" name="verifyAccountLogin" time="0.0">
    <ignored/>
  </testcase> <!-- verifyAccountLogin -->
  <testcase classname="testCases.TC_LoginTestDDTTest" name="verifyAccountLoginDDT" time="0.0">
    <ignored/>
  </testcase> <!-- verifyAccountLoginDDT -->
</testsuite> <!-- Test -->
