<?xml version="1.0" encoding="UTF-8"?>
<testng-results ignored="0" total="2" passed="2" failed="0" skipped="0">
  <reporter-output>
  </reporter-output>
  <suite started-at="2024-12-12T00:14:56 IST" name="Suite" finished-at="2024-12-12T00:15:11 IST" duration-ms="15323">
    <groups>
      <group name="Master">
        <method signature="TC_AccountLoginTest.verifyAccountLogin()[pri:0, instance:testCases.TC_AccountLoginTest@61fe30]" name="verifyAccountLogin" class="testCases.TC_AccountLoginTest"/>
        <method signature="TC_AccountRegistrationTest.verifyAccountRegistration()[pri:0, instance:testCases.TC_AccountRegistrationTest@2fd953a6]" name="verifyAccountRegistration" class="testCases.TC_AccountRegistrationTest"/>
      </group> <!-- Master -->
      <group name="Sanity">
        <method signature="TC_AccountLoginTest.verifyAccountLogin()[pri:0, instance:testCases.TC_AccountLoginTest@61fe30]" name="verifyAccountLogin" class="testCases.TC_AccountLoginTest"/>
      </group> <!-- Sanity -->
      <group name="Regression">
        <method signature="TC_AccountRegistrationTest.verifyAccountRegistration()[pri:0, instance:testCases.TC_AccountRegistrationTest@2fd953a6]" name="verifyAccountRegistration" class="testCases.TC_AccountRegistrationTest"/>
      </group> <!-- Regression -->
    </groups>
    <test started-at="2024-12-12T00:14:56 IST" name="Test" finished-at="2024-12-12T00:15:11 IST" duration-ms="15323">
      <class name="testCases.TC_AccountRegistrationTest">
        <test-method is-config="true" signature="setup(java.lang.String,java.lang.String)[pri:0, instance:testCases.TC_AccountRegistrationTest@2fd953a6]" started-at="2024-12-12T00:14:56 IST" name="setup" finished-at="2024-12-12T00:15:01 IST" duration-ms="5090" status="PASS">
          <params>
            <param index="0">
              <value>
                <![CDATA[chrome]]>
              </value>
            </param>
            <param index="1">
              <value>
                <![CDATA[Windows]]>
              </value>
            </param>
          </params>
          <reporter-output>
          </reporter-output>
        </test-method> <!-- setup -->
        <test-method signature="verifyAccountRegistration()[pri:0, instance:testCases.TC_AccountRegistrationTest@2fd953a6]" started-at="2024-12-12T00:15:01 IST" name="verifyAccountRegistration" finished-at="2024-12-12T00:15:05 IST" duration-ms="3572" status="PASS">
          <reporter-output>
          </reporter-output>
        </test-method> <!-- verifyAccountRegistration -->
        <test-method is-config="true" signature="tearDown()[pri:0, instance:testCases.TC_AccountRegistrationTest@2fd953a6]" started-at="2024-12-12T00:15:05 IST" name="tearDown" finished-at="2024-12-12T00:15:05 IST" duration-ms="188" status="PASS">
          <reporter-output>
          </reporter-output>
        </test-method> <!-- tearDown -->
      </class> <!-- testCases.TC_AccountRegistrationTest -->
      <class name="testCases.TC_AccountLoginTest">
        <test-method is-config="true" signature="setup(java.lang.String,java.lang.String)[pri:0, instance:testCases.TC_AccountLoginTest@61fe30]" started-at="2024-12-12T00:15:05 IST" name="setup" finished-at="2024-12-12T00:15:09 IST" duration-ms="4257" status="PASS">
          <params>
            <param index="0">
              <value>
                <![CDATA[chrome]]>
              </value>
            </param>
            <param index="1">
              <value>
                <![CDATA[Windows]]>
              </value>
            </param>
          </params>
          <reporter-output>
          </reporter-output>
        </test-method> <!-- setup -->
        <test-method signature="verifyAccountLogin()[pri:0, instance:testCases.TC_AccountLoginTest@61fe30]" started-at="2024-12-12T00:15:09 IST" name="verifyAccountLogin" finished-at="2024-12-12T00:15:11 IST" duration-ms="1723" status="PASS">
          <reporter-output>
          </reporter-output>
        </test-method> <!-- verifyAccountLogin -->
        <test-method is-config="true" signature="tearDown()[pri:0, instance:testCases.TC_AccountLoginTest@61fe30]" started-at="2024-12-12T00:15:11 IST" name="tearDown" finished-at="2024-12-12T00:15:11 IST" duration-ms="208" status="PASS">
          <reporter-output>
          </reporter-output>
        </test-method> <!-- tearDown -->
      </class> <!-- testCases.TC_AccountLoginTest -->
    </test> <!-- Test -->
  </suite> <!-- Suite -->
</testng-results>
